0 info it worked if it ends with ok
1 verbose cli [ '/usr/local/bin/node', '/usr/local/bin/npm', 'i', 'contextify' ]
2 info using npm@2.11.3
3 info using node@v0.12.7
4 verbose install initial load of /Users/corey/Sites/practice/voting-server/voting-client/package.json
5 warn package.json voting-client@1.0.0 No description
6 warn package.json voting-client@1.0.0 No repository field.
7 warn package.json voting-client@1.0.0 No README data
8 verbose installManyTop reading scoped package data from /Users/corey/Sites/practice/voting-server/voting-client/node_modules/Base64/package.json
9 verbose installManyTop reading scoped package data from /Users/corey/Sites/practice/voting-server/voting-client/node_modules/accepts/package.json
10 verbose installManyTop reading scoped package data from /Users/corey/Sites/practice/voting-server/voting-client/node_modules/acorn/package.json
11 verbose installManyTop reading scoped package data from /Users/corey/Sites/practice/voting-server/voting-client/node_modules/acorn-globals/package.json
12 verbose installManyTop reading scoped package data from /Users/corey/Sites/practice/voting-server/voting-client/node_modules/after/package.json
13 verbose installManyTop reading scoped package data from /Users/corey/Sites/practice/voting-server/voting-client/node_modules/alter/package.json
14 verbose installManyTop reading scoped package data from /Users/corey/Sites/practice/voting-server/voting-client/node_modules/amdefine/package.json
15 verbose installManyTop reading scoped package data from /Users/corey/Sites/practice/voting-server/voting-client/node_modules/ansi-green/package.json
16 verbose installManyTop reading scoped package data from /Users/corey/Sites/practice/voting-server/voting-client/node_modules/ansi-regex/package.json
17 verbose installManyTop reading scoped package data from /Users/corey/Sites/practice/voting-server/voting-client/node_modules/ansi-styles/package.json
18 verbose installManyTop reading scoped package data from /Users/corey/Sites/practice/voting-server/voting-client/node_modules/ansi-wrap/package.json
19 verbose installManyTop reading scoped package data from /Users/corey/Sites/practice/voting-server/voting-client/node_modules/anymatch/package.json
20 verbose installManyTop reading scoped package data from /Users/corey/Sites/practice/voting-server/voting-client/node_modules/arr-diff/package.json
21 verbose installManyTop reading scoped package data from /Users/corey/Sites/practice/voting-server/voting-client/node_modules/arr-flatten/package.json
22 verbose installManyTop reading scoped package data from /Users/corey/Sites/practice/voting-server/voting-client/node_modules/array-flatten/package.json
23 verbose installManyTop reading scoped package data from /Users/corey/Sites/practice/voting-server/voting-client/node_modules/array-slice/package.json
24 verbose installManyTop reading scoped package data from /Users/corey/Sites/practice/voting-server/voting-client/node_modules/array-unique/package.json
25 verbose installManyTop reading scoped package data from /Users/corey/Sites/practice/voting-server/voting-client/node_modules/arraybuffer.slice/package.json
26 verbose installManyTop reading scoped package data from /Users/corey/Sites/practice/voting-server/voting-client/node_modules/arrify/package.json
27 verbose installManyTop reading scoped package data from /Users/corey/Sites/practice/voting-server/voting-client/node_modules/asap/package.json
28 verbose installManyTop reading scoped package data from /Users/corey/Sites/practice/voting-server/voting-client/node_modules/asn1/package.json
29 verbose installManyTop reading scoped package data from /Users/corey/Sites/practice/voting-server/voting-client/node_modules/assert/package.json
30 verbose installManyTop reading scoped package data from /Users/corey/Sites/practice/voting-server/voting-client/node_modules/assert-plus/package.json
31 verbose installManyTop reading scoped package data from /Users/corey/Sites/practice/voting-server/voting-client/node_modules/assertion-error/package.json
32 verbose installManyTop reading scoped package data from /Users/corey/Sites/practice/voting-server/voting-client/node_modules/ast-traverse/package.json
33 verbose installManyTop reading scoped package data from /Users/corey/Sites/practice/voting-server/voting-client/node_modules/ast-types/package.json
34 verbose installManyTop reading scoped package data from /Users/corey/Sites/practice/voting-server/voting-client/node_modules/async/package.json
35 verbose installManyTop reading scoped package data from /Users/corey/Sites/practice/voting-server/voting-client/node_modules/async-each/package.json
36 verbose installManyTop reading scoped package data from /Users/corey/Sites/practice/voting-server/voting-client/node_modules/aws-sign2/package.json
37 verbose installManyTop reading scoped package data from /Users/corey/Sites/practice/voting-server/voting-client/node_modules/babel/package.json
38 verbose installManyTop reading scoped package data from /Users/corey/Sites/practice/voting-server/voting-client/node_modules/babel-core/package.json
39 verbose installManyTop reading scoped package data from /Users/corey/Sites/practice/voting-server/voting-client/node_modules/babel-loader/package.json
40 verbose installManyTop reading scoped package data from /Users/corey/Sites/practice/voting-server/voting-client/node_modules/babel-plugin-constant-folding/package.json
41 verbose installManyTop reading scoped package data from /Users/corey/Sites/practice/voting-server/voting-client/node_modules/babel-plugin-dead-code-elimination/package.json
42 verbose installManyTop reading scoped package data from /Users/corey/Sites/practice/voting-server/voting-client/node_modules/babel-plugin-eval/package.json
43 verbose installManyTop reading scoped package data from /Users/corey/Sites/practice/voting-server/voting-client/node_modules/babel-plugin-inline-environment-variables/package.json
44 verbose installManyTop reading scoped package data from /Users/corey/Sites/practice/voting-server/voting-client/node_modules/babel-plugin-jscript/package.json
45 verbose installManyTop reading scoped package data from /Users/corey/Sites/practice/voting-server/voting-client/node_modules/babel-plugin-member-expression-literals/package.json
46 verbose installManyTop reading scoped package data from /Users/corey/Sites/practice/voting-server/voting-client/node_modules/babel-plugin-property-literals/package.json
47 verbose installManyTop reading scoped package data from /Users/corey/Sites/practice/voting-server/voting-client/node_modules/babel-plugin-proto-to-assign/package.json
48 verbose installManyTop reading scoped package data from /Users/corey/Sites/practice/voting-server/voting-client/node_modules/babel-plugin-react-constant-elements/package.json
49 verbose installManyTop reading scoped package data from /Users/corey/Sites/practice/voting-server/voting-client/node_modules/babel-plugin-react-display-name/package.json
50 verbose installManyTop reading scoped package data from /Users/corey/Sites/practice/voting-server/voting-client/node_modules/babel-plugin-remove-console/package.json
51 verbose installManyTop reading scoped package data from /Users/corey/Sites/practice/voting-server/voting-client/node_modules/babel-plugin-remove-debugger/package.json
52 verbose installManyTop reading scoped package data from /Users/corey/Sites/practice/voting-server/voting-client/node_modules/babel-plugin-runtime/package.json
53 verbose installManyTop reading scoped package data from /Users/corey/Sites/practice/voting-server/voting-client/node_modules/babel-plugin-undeclared-variables-check/package.json
54 verbose installManyTop reading scoped package data from /Users/corey/Sites/practice/voting-server/voting-client/node_modules/babel-plugin-undefined-to-void/package.json
55 verbose installManyTop reading scoped package data from /Users/corey/Sites/practice/voting-server/voting-client/node_modules/babylon/package.json
56 verbose installManyTop reading scoped package data from /Users/corey/Sites/practice/voting-server/voting-client/node_modules/backo2/package.json
57 verbose installManyTop reading scoped package data from /Users/corey/Sites/practice/voting-server/voting-client/node_modules/balanced-match/package.json
58 verbose installManyTop reading scoped package data from /Users/corey/Sites/practice/voting-server/voting-client/node_modules/base62/package.json
59 verbose installManyTop reading scoped package data from /Users/corey/Sites/practice/voting-server/voting-client/node_modules/base64-arraybuffer/package.json
60 verbose installManyTop reading scoped package data from /Users/corey/Sites/practice/voting-server/voting-client/node_modules/base64-js/package.json
61 verbose installManyTop reading scoped package data from /Users/corey/Sites/practice/voting-server/voting-client/node_modules/base64id/package.json
62 verbose installManyTop reading scoped package data from /Users/corey/Sites/practice/voting-server/voting-client/node_modules/batch/package.json
63 verbose installManyTop reading scoped package data from /Users/corey/Sites/practice/voting-server/voting-client/node_modules/benchmark/package.json
64 verbose installManyTop reading scoped package data from /Users/corey/Sites/practice/voting-server/voting-client/node_modules/better-assert/package.json
65 verbose installManyTop reading scoped package data from /Users/corey/Sites/practice/voting-server/voting-client/node_modules/big.js/package.json
66 verbose installManyTop reading scoped package data from /Users/corey/Sites/practice/voting-server/voting-client/node_modules/binary-extensions/package.json
67 verbose installManyTop reading scoped package data from /Users/corey/Sites/practice/voting-server/voting-client/node_modules/bl/package.json
68 verbose installManyTop reading scoped package data from /Users/corey/Sites/practice/voting-server/voting-client/node_modules/blob/package.json
69 verbose installManyTop reading scoped package data from /Users/corey/Sites/practice/voting-server/voting-client/node_modules/bluebird/package.json
70 verbose installManyTop reading scoped package data from /Users/corey/Sites/practice/voting-server/voting-client/node_modules/boom/package.json
71 verbose installManyTop reading scoped package data from /Users/corey/Sites/practice/voting-server/voting-client/node_modules/brace-expansion/package.json
72 verbose installManyTop reading scoped package data from /Users/corey/Sites/practice/voting-server/voting-client/node_modules/braces/package.json
73 verbose installManyTop reading scoped package data from /Users/corey/Sites/practice/voting-server/voting-client/node_modules/breakable/package.json
74 verbose installManyTop reading scoped package data from /Users/corey/Sites/practice/voting-server/voting-client/node_modules/browser-request/package.json
75 verbose installManyTop reading scoped package data from /Users/corey/Sites/practice/voting-server/voting-client/node_modules/browserify-zlib/package.json
76 verbose installManyTop reading scoped package data from /Users/corey/Sites/practice/voting-server/voting-client/node_modules/buffer/package.json
77 verbose installManyTop reading scoped package data from /Users/corey/Sites/practice/voting-server/voting-client/node_modules/bytes/package.json
78 verbose installManyTop reading scoped package data from /Users/corey/Sites/practice/voting-server/voting-client/node_modules/callsite/package.json
79 verbose installManyTop reading scoped package data from /Users/corey/Sites/practice/voting-server/voting-client/node_modules/camelcase/package.json
80 verbose installManyTop reading scoped package data from /Users/corey/Sites/practice/voting-server/voting-client/node_modules/caseless/package.json
81 verbose installManyTop reading scoped package data from /Users/corey/Sites/practice/voting-server/voting-client/node_modules/chai/package.json
82 verbose installManyTop reading scoped package data from /Users/corey/Sites/practice/voting-server/voting-client/node_modules/chai-immutable/package.json
83 verbose installManyTop reading scoped package data from /Users/corey/Sites/practice/voting-server/voting-client/node_modules/chalk/package.json
84 verbose installManyTop reading scoped package data from /Users/corey/Sites/practice/voting-server/voting-client/node_modules/chokidar/package.json
85 verbose installManyTop reading scoped package data from /Users/corey/Sites/practice/voting-server/voting-client/node_modules/clone/package.json
86 verbose installManyTop reading scoped package data from /Users/corey/Sites/practice/voting-server/voting-client/node_modules/combined-stream/package.json
87 verbose installManyTop reading scoped package data from /Users/corey/Sites/practice/voting-server/voting-client/node_modules/commander/package.json
88 verbose installManyTop reading scoped package data from /Users/corey/Sites/practice/voting-server/voting-client/node_modules/commoner/package.json
89 verbose installManyTop reading scoped package data from /Users/corey/Sites/practice/voting-server/voting-client/node_modules/component-bind/package.json
90 verbose installManyTop reading scoped package data from /Users/corey/Sites/practice/voting-server/voting-client/node_modules/component-emitter/package.json
91 verbose installManyTop reading scoped package data from /Users/corey/Sites/practice/voting-server/voting-client/node_modules/component-inherit/package.json
92 verbose installManyTop reading scoped package data from /Users/corey/Sites/practice/voting-server/voting-client/node_modules/compressible/package.json
93 verbose installManyTop reading scoped package data from /Users/corey/Sites/practice/voting-server/voting-client/node_modules/compression/package.json
94 verbose installManyTop reading scoped package data from /Users/corey/Sites/practice/voting-server/voting-client/node_modules/concat-map/package.json
95 verbose installManyTop reading scoped package data from /Users/corey/Sites/practice/voting-server/voting-client/node_modules/connect-history-api-fallback/package.json
96 verbose installManyTop reading scoped package data from /Users/corey/Sites/practice/voting-server/voting-client/node_modules/console-browserify/package.json
97 verbose installManyTop reading scoped package data from /Users/corey/Sites/practice/voting-server/voting-client/node_modules/constants-browserify/package.json
98 verbose installManyTop reading scoped package data from /Users/corey/Sites/practice/voting-server/voting-client/node_modules/content-disposition/package.json
99 verbose installManyTop reading scoped package data from /Users/corey/Sites/practice/voting-server/voting-client/node_modules/content-type/package.json
100 verbose installManyTop reading scoped package data from /Users/corey/Sites/practice/voting-server/voting-client/node_modules/convert-source-map/package.json
101 verbose installManyTop reading scoped package data from /Users/corey/Sites/practice/voting-server/voting-client/node_modules/cookie/package.json
102 verbose installManyTop reading scoped package data from /Users/corey/Sites/practice/voting-server/voting-client/node_modules/cookie-signature/package.json
103 verbose installManyTop reading scoped package data from /Users/corey/Sites/practice/voting-server/voting-client/node_modules/core-js/package.json
104 verbose installManyTop reading scoped package data from /Users/corey/Sites/practice/voting-server/voting-client/node_modules/core-util-is/package.json
105 verbose installManyTop reading scoped package data from /Users/corey/Sites/practice/voting-server/voting-client/node_modules/cryptiles/package.json
106 verbose installManyTop reading scoped package data from /Users/corey/Sites/practice/voting-server/voting-client/node_modules/crypto-browserify/package.json
107 verbose installManyTop reading scoped package data from /Users/corey/Sites/practice/voting-server/voting-client/node_modules/cssom/package.json
108 verbose installManyTop reading scoped package data from /Users/corey/Sites/practice/voting-server/voting-client/node_modules/cssstyle/package.json
109 verbose installManyTop reading scoped package data from /Users/corey/Sites/practice/voting-server/voting-client/node_modules/ctype/package.json
110 verbose installManyTop reading scoped package data from /Users/corey/Sites/practice/voting-server/voting-client/node_modules/date-now/package.json
111 verbose installManyTop reading scoped package data from /Users/corey/Sites/practice/voting-server/voting-client/node_modules/debug/package.json
112 verbose installManyTop reading scoped package data from /Users/corey/Sites/practice/voting-server/voting-client/node_modules/decamelize/package.json
113 verbose installManyTop reading scoped package data from /Users/corey/Sites/practice/voting-server/voting-client/node_modules/deep-eql/package.json
114 verbose installManyTop reading scoped package data from /Users/corey/Sites/practice/voting-server/voting-client/node_modules/deep-is/package.json
115 verbose installManyTop reading scoped package data from /Users/corey/Sites/practice/voting-server/voting-client/node_modules/defs/package.json
116 verbose installManyTop reading scoped package data from /Users/corey/Sites/practice/voting-server/voting-client/node_modules/delayed-stream/package.json
117 verbose installManyTop reading scoped package data from /Users/corey/Sites/practice/voting-server/voting-client/node_modules/depd/package.json
118 verbose installManyTop reading scoped package data from /Users/corey/Sites/practice/voting-server/voting-client/node_modules/destroy/package.json
119 verbose installManyTop reading scoped package data from /Users/corey/Sites/practice/voting-server/voting-client/node_modules/detect-indent/package.json
120 verbose installManyTop reading scoped package data from /Users/corey/Sites/practice/voting-server/voting-client/node_modules/diff/package.json
121 verbose installManyTop reading scoped package data from /Users/corey/Sites/practice/voting-server/voting-client/node_modules/dom-serializer/package.json
122 verbose installManyTop reading scoped package data from /Users/corey/Sites/practice/voting-server/voting-client/node_modules/domain-browser/package.json
123 verbose installManyTop reading scoped package data from /Users/corey/Sites/practice/voting-server/voting-client/node_modules/domelementtype/package.json
124 verbose installManyTop reading scoped package data from /Users/corey/Sites/practice/voting-server/voting-client/node_modules/domhandler/package.json
125 verbose installManyTop reading scoped package data from /Users/corey/Sites/practice/voting-server/voting-client/node_modules/domutils/package.json
126 verbose installManyTop reading scoped package data from /Users/corey/Sites/practice/voting-server/voting-client/node_modules/ee-first/package.json
127 verbose installManyTop reading scoped package data from /Users/corey/Sites/practice/voting-server/voting-client/node_modules/engine.io/package.json
128 verbose installManyTop reading scoped package data from /Users/corey/Sites/practice/voting-server/voting-client/node_modules/engine.io-client/package.json
129 verbose installManyTop reading scoped package data from /Users/corey/Sites/practice/voting-server/voting-client/node_modules/engine.io-parser/package.json
130 verbose installManyTop reading scoped package data from /Users/corey/Sites/practice/voting-server/voting-client/node_modules/enhanced-resolve/package.json
131 verbose installManyTop reading scoped package data from /Users/corey/Sites/practice/voting-server/voting-client/node_modules/entities/package.json
132 verbose installManyTop reading scoped package data from /Users/corey/Sites/practice/voting-server/voting-client/node_modules/envify/package.json
133 verbose installManyTop reading scoped package data from /Users/corey/Sites/practice/voting-server/voting-client/node_modules/escape-html/package.json
134 verbose installManyTop reading scoped package data from /Users/corey/Sites/practice/voting-server/voting-client/node_modules/escape-string-regexp/package.json
135 verbose installManyTop reading scoped package data from /Users/corey/Sites/practice/voting-server/voting-client/node_modules/escodegen/package.json
136 verbose installManyTop reading scoped package data from /Users/corey/Sites/practice/voting-server/voting-client/node_modules/esprima-fb/package.json
137 verbose installManyTop reading scoped package data from /Users/corey/Sites/practice/voting-server/voting-client/node_modules/estraverse/package.json
138 verbose installManyTop reading scoped package data from /Users/corey/Sites/practice/voting-server/voting-client/node_modules/esutils/package.json
139 verbose installManyTop reading scoped package data from /Users/corey/Sites/practice/voting-server/voting-client/node_modules/etag/package.json
140 verbose installManyTop reading scoped package data from /Users/corey/Sites/practice/voting-server/voting-client/node_modules/eventemitter3/package.json
141 verbose installManyTop reading scoped package data from /Users/corey/Sites/practice/voting-server/voting-client/node_modules/events/package.json
142 verbose installManyTop reading scoped package data from /Users/corey/Sites/practice/voting-server/voting-client/node_modules/expand-brackets/package.json
143 verbose installManyTop reading scoped package data from /Users/corey/Sites/practice/voting-server/voting-client/node_modules/expand-range/package.json
144 verbose installManyTop reading scoped package data from /Users/corey/Sites/practice/voting-server/voting-client/node_modules/express/package.json
145 verbose installManyTop reading scoped package data from /Users/corey/Sites/practice/voting-server/voting-client/node_modules/extend/package.json
146 verbose installManyTop reading scoped package data from /Users/corey/Sites/practice/voting-server/voting-client/node_modules/extglob/package.json
147 verbose installManyTop reading scoped package data from /Users/corey/Sites/practice/voting-server/voting-client/node_modules/fast-levenshtein/package.json
148 verbose installManyTop reading scoped package data from /Users/corey/Sites/practice/voting-server/voting-client/node_modules/fbjs/package.json
149 verbose installManyTop reading scoped package data from /Users/corey/Sites/practice/voting-server/voting-client/node_modules/filename-regex/package.json
150 verbose installManyTop reading scoped package data from /Users/corey/Sites/practice/voting-server/voting-client/node_modules/fill-range/package.json
151 verbose installManyTop reading scoped package data from /Users/corey/Sites/practice/voting-server/voting-client/node_modules/finalhandler/package.json
152 verbose installManyTop reading scoped package data from /Users/corey/Sites/practice/voting-server/voting-client/node_modules/for-in/package.json
153 verbose installManyTop reading scoped package data from /Users/corey/Sites/practice/voting-server/voting-client/node_modules/for-own/package.json
154 verbose installManyTop reading scoped package data from /Users/corey/Sites/practice/voting-server/voting-client/node_modules/forever-agent/package.json
155 verbose installManyTop reading scoped package data from /Users/corey/Sites/practice/voting-server/voting-client/node_modules/form-data/package.json
156 verbose installManyTop reading scoped package data from /Users/corey/Sites/practice/voting-server/voting-client/node_modules/forwarded/package.json
157 verbose installManyTop reading scoped package data from /Users/corey/Sites/practice/voting-server/voting-client/node_modules/fresh/package.json
158 verbose installManyTop reading scoped package data from /Users/corey/Sites/practice/voting-server/voting-client/node_modules/fs-readdir-recursive/package.json
159 verbose installManyTop reading scoped package data from /Users/corey/Sites/practice/voting-server/voting-client/node_modules/fsevents/package.json
160 verbose installManyTop reading scoped package data from /Users/corey/Sites/practice/voting-server/voting-client/node_modules/generate-function/package.json
161 verbose installManyTop reading scoped package data from /Users/corey/Sites/practice/voting-server/voting-client/node_modules/generate-object-property/package.json
162 verbose installManyTop reading scoped package data from /Users/corey/Sites/practice/voting-server/voting-client/node_modules/get-stdin/package.json
163 verbose installManyTop reading scoped package data from /Users/corey/Sites/practice/voting-server/voting-client/node_modules/glob/package.json
164 verbose installManyTop reading scoped package data from /Users/corey/Sites/practice/voting-server/voting-client/node_modules/glob-base/package.json
165 verbose installManyTop reading scoped package data from /Users/corey/Sites/practice/voting-server/voting-client/node_modules/glob-parent/package.json
166 verbose installManyTop reading scoped package data from /Users/corey/Sites/practice/voting-server/voting-client/node_modules/global/package.json
167 verbose installManyTop reading scoped package data from /Users/corey/Sites/practice/voting-server/voting-client/node_modules/globals/package.json
168 verbose installManyTop reading scoped package data from /Users/corey/Sites/practice/voting-server/voting-client/node_modules/graceful-fs/package.json
169 verbose installManyTop reading scoped package data from /Users/corey/Sites/practice/voting-server/voting-client/node_modules/graceful-readlink/package.json
170 verbose installManyTop reading scoped package data from /Users/corey/Sites/practice/voting-server/voting-client/node_modules/growl/package.json
171 verbose installManyTop reading scoped package data from /Users/corey/Sites/practice/voting-server/voting-client/node_modules/har-validator/package.json
172 verbose installManyTop reading scoped package data from /Users/corey/Sites/practice/voting-server/voting-client/node_modules/has-ansi/package.json
173 verbose installManyTop reading scoped package data from /Users/corey/Sites/practice/voting-server/voting-client/node_modules/has-binary/package.json
174 verbose installManyTop reading scoped package data from /Users/corey/Sites/practice/voting-server/voting-client/node_modules/has-binary-data/package.json
175 verbose installManyTop reading scoped package data from /Users/corey/Sites/practice/voting-server/voting-client/node_modules/has-cors/package.json
176 verbose installManyTop reading scoped package data from /Users/corey/Sites/practice/voting-server/voting-client/node_modules/has-flag/package.json
177 verbose installManyTop reading scoped package data from /Users/corey/Sites/practice/voting-server/voting-client/node_modules/hawk/package.json
178 verbose installManyTop reading scoped package data from /Users/corey/Sites/practice/voting-server/voting-client/node_modules/hoek/package.json
179 verbose installManyTop reading scoped package data from /Users/corey/Sites/practice/voting-server/voting-client/node_modules/home-or-tmp/package.json
180 verbose installManyTop reading scoped package data from /Users/corey/Sites/practice/voting-server/voting-client/node_modules/htmlparser2/package.json
181 verbose installManyTop reading scoped package data from /Users/corey/Sites/practice/voting-server/voting-client/node_modules/http-browserify/package.json
182 verbose installManyTop reading scoped package data from /Users/corey/Sites/practice/voting-server/voting-client/node_modules/http-errors/package.json
183 verbose installManyTop reading scoped package data from /Users/corey/Sites/practice/voting-server/voting-client/node_modules/http-proxy/package.json
184 verbose installManyTop reading scoped package data from /Users/corey/Sites/practice/voting-server/voting-client/node_modules/http-signature/package.json
185 verbose installManyTop reading scoped package data from /Users/corey/Sites/practice/voting-server/voting-client/node_modules/https-browserify/package.json
186 verbose installManyTop reading scoped package data from /Users/corey/Sites/practice/voting-server/voting-client/node_modules/iconv-lite/package.json
187 verbose installManyTop reading scoped package data from /Users/corey/Sites/practice/voting-server/voting-client/node_modules/ieee754/package.json
188 verbose installManyTop reading scoped package data from /Users/corey/Sites/practice/voting-server/voting-client/node_modules/immutable/package.json
189 verbose installManyTop reading scoped package data from /Users/corey/Sites/practice/voting-server/voting-client/node_modules/indexof/package.json
190 verbose installManyTop reading scoped package data from /Users/corey/Sites/practice/voting-server/voting-client/node_modules/inflight/package.json
191 verbose installManyTop reading scoped package data from /Users/corey/Sites/practice/voting-server/voting-client/node_modules/inherits/package.json
192 verbose installManyTop reading scoped package data from /Users/corey/Sites/practice/voting-server/voting-client/node_modules/install/package.json
193 verbose installManyTop reading scoped package data from /Users/corey/Sites/practice/voting-server/voting-client/node_modules/interpret/package.json
194 verbose installManyTop reading scoped package data from /Users/corey/Sites/practice/voting-server/voting-client/node_modules/ipaddr.js/package.json
195 verbose installManyTop reading scoped package data from /Users/corey/Sites/practice/voting-server/voting-client/node_modules/is-array/package.json
196 verbose installManyTop reading scoped package data from /Users/corey/Sites/practice/voting-server/voting-client/node_modules/is-binary-path/package.json
197 verbose installManyTop reading scoped package data from /Users/corey/Sites/practice/voting-server/voting-client/node_modules/is-dotfile/package.json
198 verbose installManyTop reading scoped package data from /Users/corey/Sites/practice/voting-server/voting-client/node_modules/is-equal-shallow/package.json
199 verbose installManyTop reading scoped package data from /Users/corey/Sites/practice/voting-server/voting-client/node_modules/is-extglob/package.json
200 verbose installManyTop reading scoped package data from /Users/corey/Sites/practice/voting-server/voting-client/node_modules/is-finite/package.json
201 verbose installManyTop reading scoped package data from /Users/corey/Sites/practice/voting-server/voting-client/node_modules/is-glob/package.json
202 verbose installManyTop reading scoped package data from /Users/corey/Sites/practice/voting-server/voting-client/node_modules/is-integer/package.json
203 verbose installManyTop reading scoped package data from /Users/corey/Sites/practice/voting-server/voting-client/node_modules/is-my-json-valid/package.json
204 verbose installManyTop reading scoped package data from /Users/corey/Sites/practice/voting-server/voting-client/node_modules/is-number/package.json
205 verbose installManyTop reading scoped package data from /Users/corey/Sites/practice/voting-server/voting-client/node_modules/is-primitive/package.json
206 verbose installManyTop reading scoped package data from /Users/corey/Sites/practice/voting-server/voting-client/node_modules/is-property/package.json
207 verbose installManyTop reading scoped package data from /Users/corey/Sites/practice/voting-server/voting-client/node_modules/isarray/package.json
208 verbose installManyTop reading scoped package data from /Users/corey/Sites/practice/voting-server/voting-client/node_modules/isobject/package.json
209 verbose installManyTop reading scoped package data from /Users/corey/Sites/practice/voting-server/voting-client/node_modules/isstream/package.json
210 verbose installManyTop reading scoped package data from /Users/corey/Sites/practice/voting-server/voting-client/node_modules/jade/package.json
211 verbose installManyTop reading scoped package data from /Users/corey/Sites/practice/voting-server/voting-client/node_modules/js-tokens/package.json
212 verbose installManyTop reading scoped package data from /Users/corey/Sites/practice/voting-server/voting-client/node_modules/jsdom-no-contextify/package.json
213 verbose installManyTop reading scoped package data from /Users/corey/Sites/practice/voting-server/voting-client/node_modules/jsesc/package.json
214 verbose installManyTop reading scoped package data from /Users/corey/Sites/practice/voting-server/voting-client/node_modules/json-stringify-safe/package.json
215 verbose installManyTop reading scoped package data from /Users/corey/Sites/practice/voting-server/voting-client/node_modules/json3/package.json
216 verbose installManyTop reading scoped package data from /Users/corey/Sites/practice/voting-server/voting-client/node_modules/json5/package.json
217 verbose installManyTop reading scoped package data from /Users/corey/Sites/practice/voting-server/voting-client/node_modules/jsonpointer/package.json
218 verbose installManyTop reading scoped package data from /Users/corey/Sites/practice/voting-server/voting-client/node_modules/jstransform/package.json
219 verbose installManyTop reading scoped package data from /Users/corey/Sites/practice/voting-server/voting-client/node_modules/kind-of/package.json
220 verbose installManyTop reading scoped package data from /Users/corey/Sites/practice/voting-server/voting-client/node_modules/lazy-cache/package.json
221 verbose installManyTop reading scoped package data from /Users/corey/Sites/practice/voting-server/voting-client/node_modules/left-pad/package.json
222 verbose installManyTop reading scoped package data from /Users/corey/Sites/practice/voting-server/voting-client/node_modules/leven/package.json
223 verbose installManyTop reading scoped package data from /Users/corey/Sites/practice/voting-server/voting-client/node_modules/levn/package.json
224 verbose installManyTop reading scoped package data from /Users/corey/Sites/practice/voting-server/voting-client/node_modules/line-numbers/package.json
225 verbose installManyTop reading scoped package data from /Users/corey/Sites/practice/voting-server/voting-client/node_modules/loader-utils/package.json
226 verbose installManyTop reading scoped package data from /Users/corey/Sites/practice/voting-server/voting-client/node_modules/lodash/package.json
227 verbose installManyTop reading scoped package data from /Users/corey/Sites/practice/voting-server/voting-client/node_modules/lodash._baseflatten/package.json
228 verbose installManyTop reading scoped package data from /Users/corey/Sites/practice/voting-server/voting-client/node_modules/lodash._isiterateecall/package.json
229 verbose installManyTop reading scoped package data from /Users/corey/Sites/practice/voting-server/voting-client/node_modules/lodash.flatten/package.json
230 verbose installManyTop reading scoped package data from /Users/corey/Sites/practice/voting-server/voting-client/node_modules/lodash.isarguments/package.json
231 verbose installManyTop reading scoped package data from /Users/corey/Sites/practice/voting-server/voting-client/node_modules/lodash.isarray/package.json
232 verbose installManyTop reading scoped package data from /Users/corey/Sites/practice/voting-server/voting-client/node_modules/lru-cache/package.json
233 verbose installManyTop reading scoped package data from /Users/corey/Sites/practice/voting-server/voting-client/node_modules/media-typer/package.json
234 verbose installManyTop reading scoped package data from /Users/corey/Sites/practice/voting-server/voting-client/node_modules/memory-fs/package.json
235 verbose installManyTop reading scoped package data from /Users/corey/Sites/practice/voting-server/voting-client/node_modules/merge-descriptors/package.json
236 verbose installManyTop reading scoped package data from /Users/corey/Sites/practice/voting-server/voting-client/node_modules/methods/package.json
237 verbose installManyTop reading scoped package data from /Users/corey/Sites/practice/voting-server/voting-client/node_modules/micromatch/package.json
238 verbose installManyTop reading scoped package data from /Users/corey/Sites/practice/voting-server/voting-client/node_modules/mime/package.json
239 verbose installManyTop reading scoped package data from /Users/corey/Sites/practice/voting-server/voting-client/node_modules/mime-db/package.json
240 verbose installManyTop reading scoped package data from /Users/corey/Sites/practice/voting-server/voting-client/node_modules/mime-types/package.json
241 verbose installManyTop reading scoped package data from /Users/corey/Sites/practice/voting-server/voting-client/node_modules/minimatch/package.json
242 verbose installManyTop reading scoped package data from /Users/corey/Sites/practice/voting-server/voting-client/node_modules/minimist/package.json
243 verbose installManyTop reading scoped package data from /Users/corey/Sites/practice/voting-server/voting-client/node_modules/mkdirp/package.json
244 verbose installManyTop reading scoped package data from /Users/corey/Sites/practice/voting-server/voting-client/node_modules/mocha/package.json
245 verbose installManyTop reading scoped package data from /Users/corey/Sites/practice/voting-server/voting-client/node_modules/ms/package.json
246 verbose installManyTop reading scoped package data from /Users/corey/Sites/practice/voting-server/voting-client/node_modules/nan/package.json
247 verbose installManyTop reading scoped package data from /Users/corey/Sites/practice/voting-server/voting-client/node_modules/negotiator/package.json
248 verbose installManyTop reading scoped package data from /Users/corey/Sites/practice/voting-server/voting-client/node_modules/node-libs-browser/package.json
249 verbose installManyTop reading scoped package data from /Users/corey/Sites/practice/voting-server/voting-client/node_modules/node-uuid/package.json
250 verbose installManyTop reading scoped package data from /Users/corey/Sites/practice/voting-server/voting-client/node_modules/number-is-nan/package.json
251 verbose installManyTop reading scoped package data from /Users/corey/Sites/practice/voting-server/voting-client/node_modules/nwmatcher/package.json
252 verbose installManyTop reading scoped package data from /Users/corey/Sites/practice/voting-server/voting-client/node_modules/oauth-sign/package.json
253 verbose installManyTop reading scoped package data from /Users/corey/Sites/practice/voting-server/voting-client/node_modules/object-assign/package.json
254 verbose installManyTop reading scoped package data from /Users/corey/Sites/practice/voting-server/voting-client/node_modules/object-component/package.json
255 verbose installManyTop reading scoped package data from /Users/corey/Sites/practice/voting-server/voting-client/node_modules/object-keys/package.json
256 verbose installManyTop reading scoped package data from /Users/corey/Sites/practice/voting-server/voting-client/node_modules/object.omit/package.json
257 verbose installManyTop reading scoped package data from /Users/corey/Sites/practice/voting-server/voting-client/node_modules/on-finished/package.json
258 verbose installManyTop reading scoped package data from /Users/corey/Sites/practice/voting-server/voting-client/node_modules/on-headers/package.json
259 verbose installManyTop reading scoped package data from /Users/corey/Sites/practice/voting-server/voting-client/node_modules/once/package.json
260 verbose installManyTop reading scoped package data from /Users/corey/Sites/practice/voting-server/voting-client/node_modules/optimist/package.json
261 verbose installManyTop reading scoped package data from /Users/corey/Sites/practice/voting-server/voting-client/node_modules/optionator/package.json
262 verbose installManyTop reading scoped package data from /Users/corey/Sites/practice/voting-server/voting-client/node_modules/options/package.json
263 verbose installManyTop reading scoped package data from /Users/corey/Sites/practice/voting-server/voting-client/node_modules/os-browserify/package.json
264 verbose installManyTop reading scoped package data from /Users/corey/Sites/practice/voting-server/voting-client/node_modules/os-tmpdir/package.json
265 verbose installManyTop reading scoped package data from /Users/corey/Sites/practice/voting-server/voting-client/node_modules/output-file-sync/package.json
266 verbose installManyTop reading scoped package data from /Users/corey/Sites/practice/voting-server/voting-client/node_modules/pako/package.json
267 verbose installManyTop reading scoped package data from /Users/corey/Sites/practice/voting-server/voting-client/node_modules/parse-glob/package.json
268 verbose installManyTop reading scoped package data from /Users/corey/Sites/practice/voting-server/voting-client/node_modules/parse5/package.json
269 verbose installManyTop reading scoped package data from /Users/corey/Sites/practice/voting-server/voting-client/node_modules/parsejson/package.json
270 verbose installManyTop reading scoped package data from /Users/corey/Sites/practice/voting-server/voting-client/node_modules/parseqs/package.json
271 verbose installManyTop reading scoped package data from /Users/corey/Sites/practice/voting-server/voting-client/node_modules/parseuri/package.json
272 verbose installManyTop reading scoped package data from /Users/corey/Sites/practice/voting-server/voting-client/node_modules/parseurl/package.json
273 verbose installManyTop reading scoped package data from /Users/corey/Sites/practice/voting-server/voting-client/node_modules/path-browserify/package.json
274 verbose installManyTop reading scoped package data from /Users/corey/Sites/practice/voting-server/voting-client/node_modules/path-exists/package.json
275 verbose installManyTop reading scoped package data from /Users/corey/Sites/practice/voting-server/voting-client/node_modules/path-is-absolute/package.json
276 verbose installManyTop reading scoped package data from /Users/corey/Sites/practice/voting-server/voting-client/node_modules/path-to-regexp/package.json
277 verbose installManyTop reading scoped package data from /Users/corey/Sites/practice/voting-server/voting-client/node_modules/pbkdf2-compat/package.json
278 verbose installManyTop reading scoped package data from /Users/corey/Sites/practice/voting-server/voting-client/node_modules/prelude-ls/package.json
279 verbose installManyTop reading scoped package data from /Users/corey/Sites/practice/voting-server/voting-client/node_modules/preserve/package.json
280 verbose installManyTop reading scoped package data from /Users/corey/Sites/practice/voting-server/voting-client/node_modules/private/package.json
281 verbose installManyTop reading scoped package data from /Users/corey/Sites/practice/voting-server/voting-client/node_modules/process/package.json
282 verbose installManyTop reading scoped package data from /Users/corey/Sites/practice/voting-server/voting-client/node_modules/process-nextick-args/package.json
283 verbose installManyTop reading scoped package data from /Users/corey/Sites/practice/voting-server/voting-client/node_modules/promise/package.json
284 verbose installManyTop reading scoped package data from /Users/corey/Sites/practice/voting-server/voting-client/node_modules/proxy-addr/package.json
285 verbose installManyTop reading scoped package data from /Users/corey/Sites/practice/voting-server/voting-client/node_modules/punycode/package.json
286 verbose installManyTop reading scoped package data from /Users/corey/Sites/practice/voting-server/voting-client/node_modules/q/package.json
287 verbose installManyTop reading scoped package data from /Users/corey/Sites/practice/voting-server/voting-client/node_modules/qs/package.json
288 verbose installManyTop reading scoped package data from /Users/corey/Sites/practice/voting-server/voting-client/node_modules/querystring/package.json
289 verbose installManyTop reading scoped package data from /Users/corey/Sites/practice/voting-server/voting-client/node_modules/querystring-es3/package.json
290 verbose installManyTop reading scoped package data from /Users/corey/Sites/practice/voting-server/voting-client/node_modules/randomatic/package.json
291 verbose installManyTop reading scoped package data from /Users/corey/Sites/practice/voting-server/voting-client/node_modules/range-parser/package.json
292 verbose installManyTop reading scoped package data from /Users/corey/Sites/practice/voting-server/voting-client/node_modules/react/package.json
293 verbose installManyTop reading scoped package data from /Users/corey/Sites/practice/voting-server/voting-client/node_modules/react-dom/package.json
294 verbose installManyTop reading scoped package data from /Users/corey/Sites/practice/voting-server/voting-client/node_modules/react-hot-api/package.json
295 verbose installManyTop reading scoped package data from /Users/corey/Sites/practice/voting-server/voting-client/node_modules/react-hot-loader/package.json
296 verbose installManyTop reading scoped package data from /Users/corey/Sites/practice/voting-server/voting-client/node_modules/readable-stream/package.json
297 verbose installManyTop reading scoped package data from /Users/corey/Sites/practice/voting-server/voting-client/node_modules/readdirp/package.json
298 verbose installManyTop reading scoped package data from /Users/corey/Sites/practice/voting-server/voting-client/node_modules/recast/package.json
299 verbose installManyTop reading scoped package data from /Users/corey/Sites/practice/voting-server/voting-client/node_modules/regenerate/package.json
300 verbose installManyTop reading scoped package data from /Users/corey/Sites/practice/voting-server/voting-client/node_modules/regenerator/package.json
301 verbose installManyTop reading scoped package data from /Users/corey/Sites/practice/voting-server/voting-client/node_modules/regex-cache/package.json
302 verbose installManyTop reading scoped package data from /Users/corey/Sites/practice/voting-server/voting-client/node_modules/regexpu/package.json
303 verbose installManyTop reading scoped package data from /Users/corey/Sites/practice/voting-server/voting-client/node_modules/regjsgen/package.json
304 verbose installManyTop reading scoped package data from /Users/corey/Sites/practice/voting-server/voting-client/node_modules/regjsparser/package.json
305 verbose installManyTop reading scoped package data from /Users/corey/Sites/practice/voting-server/voting-client/node_modules/repeat-element/package.json
306 verbose installManyTop reading scoped package data from /Users/corey/Sites/practice/voting-server/voting-client/node_modules/repeat-string/package.json
307 verbose installManyTop reading scoped package data from /Users/corey/Sites/practice/voting-server/voting-client/node_modules/repeating/package.json
308 verbose installManyTop reading scoped package data from /Users/corey/Sites/practice/voting-server/voting-client/node_modules/request/package.json
309 verbose installManyTop reading scoped package data from /Users/corey/Sites/practice/voting-server/voting-client/node_modules/requires-port/package.json
310 verbose installManyTop reading scoped package data from /Users/corey/Sites/practice/voting-server/voting-client/node_modules/resolve/package.json
311 verbose installManyTop reading scoped package data from /Users/corey/Sites/practice/voting-server/voting-client/node_modules/ripemd160/package.json
312 verbose installManyTop reading scoped package data from /Users/corey/Sites/practice/voting-server/voting-client/node_modules/send/package.json
313 verbose installManyTop reading scoped package data from /Users/corey/Sites/practice/voting-server/voting-client/node_modules/serve-index/package.json
314 verbose installManyTop reading scoped package data from /Users/corey/Sites/practice/voting-server/voting-client/node_modules/serve-static/package.json
315 verbose installManyTop reading scoped package data from /Users/corey/Sites/practice/voting-server/voting-client/node_modules/sha.js/package.json
316 verbose installManyTop reading scoped package data from /Users/corey/Sites/practice/voting-server/voting-client/node_modules/shebang-regex/package.json
317 verbose installManyTop reading scoped package data from /Users/corey/Sites/practice/voting-server/voting-client/node_modules/sigmund/package.json
318 verbose installManyTop reading scoped package data from /Users/corey/Sites/practice/voting-server/voting-client/node_modules/simple-fmt/package.json
319 verbose installManyTop reading scoped package data from /Users/corey/Sites/practice/voting-server/voting-client/node_modules/simple-is/package.json
320 verbose installManyTop reading scoped package data from /Users/corey/Sites/practice/voting-server/voting-client/node_modules/slash/package.json
321 verbose installManyTop reading scoped package data from /Users/corey/Sites/practice/voting-server/voting-client/node_modules/sntp/package.json
322 verbose installManyTop reading scoped package data from /Users/corey/Sites/practice/voting-server/voting-client/node_modules/socket.io/package.json
323 verbose installManyTop reading scoped package data from /Users/corey/Sites/practice/voting-server/voting-client/node_modules/socket.io-adapter/package.json
324 verbose installManyTop reading scoped package data from /Users/corey/Sites/practice/voting-server/voting-client/node_modules/socket.io-client/package.json
325 verbose installManyTop reading scoped package data from /Users/corey/Sites/practice/voting-server/voting-client/node_modules/socket.io-parser/package.json
326 verbose installManyTop reading scoped package data from /Users/corey/Sites/practice/voting-server/voting-client/node_modules/source-list-map/package.json
327 verbose installManyTop reading scoped package data from /Users/corey/Sites/practice/voting-server/voting-client/node_modules/source-map/package.json
328 verbose installManyTop reading scoped package data from /Users/corey/Sites/practice/voting-server/voting-client/node_modules/source-map-support/package.json
329 verbose installManyTop reading scoped package data from /Users/corey/Sites/practice/voting-server/voting-client/node_modules/stable/package.json
330 verbose installManyTop reading scoped package data from /Users/corey/Sites/practice/voting-server/voting-client/node_modules/statuses/package.json
331 verbose installManyTop reading scoped package data from /Users/corey/Sites/practice/voting-server/voting-client/node_modules/stream-browserify/package.json
332 verbose installManyTop reading scoped package data from /Users/corey/Sites/practice/voting-server/voting-client/node_modules/stream-cache/package.json
333 verbose installManyTop reading scoped package data from /Users/corey/Sites/practice/voting-server/voting-client/node_modules/string_decoder/package.json
334 verbose installManyTop reading scoped package data from /Users/corey/Sites/practice/voting-server/voting-client/node_modules/stringmap/package.json
335 verbose installManyTop reading scoped package data from /Users/corey/Sites/practice/voting-server/voting-client/node_modules/stringset/package.json
336 verbose installManyTop reading scoped package data from /Users/corey/Sites/practice/voting-server/voting-client/node_modules/stringstream/package.json
337 verbose installManyTop reading scoped package data from /Users/corey/Sites/practice/voting-server/voting-client/node_modules/strip-ansi/package.json
338 verbose installManyTop reading scoped package data from /Users/corey/Sites/practice/voting-server/voting-client/node_modules/success-symbol/package.json
339 verbose installManyTop reading scoped package data from /Users/corey/Sites/practice/voting-server/voting-client/node_modules/supports-color/package.json
340 verbose installManyTop reading scoped package data from /Users/corey/Sites/practice/voting-server/voting-client/node_modules/tapable/package.json
341 verbose installManyTop reading scoped package data from /Users/corey/Sites/practice/voting-server/voting-client/node_modules/through/package.json
342 verbose installManyTop reading scoped package data from /Users/corey/Sites/practice/voting-server/voting-client/node_modules/timers-browserify/package.json
343 verbose installManyTop reading scoped package data from /Users/corey/Sites/practice/voting-server/voting-client/node_modules/to-array/package.json
344 verbose installManyTop reading scoped package data from /Users/corey/Sites/practice/voting-server/voting-client/node_modules/to-fast-properties/package.json
345 verbose installManyTop reading scoped package data from /Users/corey/Sites/practice/voting-server/voting-client/node_modules/tough-cookie/package.json
346 verbose installManyTop reading scoped package data from /Users/corey/Sites/practice/voting-server/voting-client/node_modules/trim-right/package.json
347 verbose installManyTop reading scoped package data from /Users/corey/Sites/practice/voting-server/voting-client/node_modules/try-resolve/package.json
348 verbose installManyTop reading scoped package data from /Users/corey/Sites/practice/voting-server/voting-client/node_modules/tryor/package.json
349 verbose installManyTop reading scoped package data from /Users/corey/Sites/practice/voting-server/voting-client/node_modules/tty-browserify/package.json
350 verbose installManyTop reading scoped package data from /Users/corey/Sites/practice/voting-server/voting-client/node_modules/tunnel-agent/package.json
351 verbose installManyTop reading scoped package data from /Users/corey/Sites/practice/voting-server/voting-client/node_modules/type-check/package.json
352 verbose installManyTop reading scoped package data from /Users/corey/Sites/practice/voting-server/voting-client/node_modules/type-detect/package.json
353 verbose installManyTop reading scoped package data from /Users/corey/Sites/practice/voting-server/voting-client/node_modules/type-is/package.json
354 verbose installManyTop reading scoped package data from /Users/corey/Sites/practice/voting-server/voting-client/node_modules/ua-parser-js/package.json
355 verbose installManyTop reading scoped package data from /Users/corey/Sites/practice/voting-server/voting-client/node_modules/uglify-js/package.json
356 verbose installManyTop reading scoped package data from /Users/corey/Sites/practice/voting-server/voting-client/node_modules/uglify-to-browserify/package.json
357 verbose installManyTop reading scoped package data from /Users/corey/Sites/practice/voting-server/voting-client/node_modules/ultron/package.json
358 verbose installManyTop reading scoped package data from /Users/corey/Sites/practice/voting-server/voting-client/node_modules/unpipe/package.json
359 verbose installManyTop reading scoped package data from /Users/corey/Sites/practice/voting-server/voting-client/node_modules/url/package.json
360 verbose installManyTop reading scoped package data from /Users/corey/Sites/practice/voting-server/voting-client/node_modules/user-home/package.json
361 verbose installManyTop reading scoped package data from /Users/corey/Sites/practice/voting-server/voting-client/node_modules/utf8/package.json
362 verbose installManyTop reading scoped package data from /Users/corey/Sites/practice/voting-server/voting-client/node_modules/util/package.json
363 verbose installManyTop reading scoped package data from /Users/corey/Sites/practice/voting-server/voting-client/node_modules/util-deprecate/package.json
364 verbose installManyTop reading scoped package data from /Users/corey/Sites/practice/voting-server/voting-client/node_modules/utils-merge/package.json
365 verbose installManyTop reading scoped package data from /Users/corey/Sites/practice/voting-server/voting-client/node_modules/vary/package.json
366 verbose installManyTop reading scoped package data from /Users/corey/Sites/practice/voting-server/voting-client/node_modules/vm-browserify/package.json
367 verbose installManyTop reading scoped package data from /Users/corey/Sites/practice/voting-server/voting-client/node_modules/watchpack/package.json
368 verbose installManyTop reading scoped package data from /Users/corey/Sites/practice/voting-server/voting-client/node_modules/webpack/package.json
369 verbose installManyTop reading scoped package data from /Users/corey/Sites/practice/voting-server/voting-client/node_modules/webpack-core/package.json
370 verbose installManyTop reading scoped package data from /Users/corey/Sites/practice/voting-server/voting-client/node_modules/webpack-dev-middleware/package.json
371 verbose installManyTop reading scoped package data from /Users/corey/Sites/practice/voting-server/voting-client/node_modules/webpack-dev-server/package.json
372 verbose installManyTop reading scoped package data from /Users/corey/Sites/practice/voting-server/voting-client/node_modules/whatwg-fetch/package.json
373 verbose installManyTop reading scoped package data from /Users/corey/Sites/practice/voting-server/voting-client/node_modules/window-size/package.json
374 verbose installManyTop reading scoped package data from /Users/corey/Sites/practice/voting-server/voting-client/node_modules/wordwrap/package.json
375 verbose installManyTop reading scoped package data from /Users/corey/Sites/practice/voting-server/voting-client/node_modules/wrappy/package.json
376 verbose installManyTop reading scoped package data from /Users/corey/Sites/practice/voting-server/voting-client/node_modules/ws/package.json
377 verbose installManyTop reading scoped package data from /Users/corey/Sites/practice/voting-server/voting-client/node_modules/xml-name-validator/package.json
378 verbose installManyTop reading scoped package data from /Users/corey/Sites/practice/voting-server/voting-client/node_modules/xmlhttprequest/package.json
379 verbose installManyTop reading scoped package data from /Users/corey/Sites/practice/voting-server/voting-client/node_modules/xtend/package.json
380 verbose installManyTop reading scoped package data from /Users/corey/Sites/practice/voting-server/voting-client/node_modules/yargs/package.json
381 info package.json async@1.4.2 No README data
382 info package.json aws-sign2@0.5.0 No license field.
383 info package.json babel-core@5.8.25 No README data
384 info package.json cssom@0.3.0 license should be a valid SPDX license expression
385 info package.json dom-serializer@0.1.0 No README data
386 info package.json jade@0.26.3 No README data
387 info package.json jade@0.26.3 No license field.
388 info package.json jsdom-no-contextify@3.1.0 license should be a valid SPDX license expression
389 info package.json object-component@0.0.3 No repository field.
390 info package.json object-component@0.0.3 No license field.
391 info package.json parsejson@0.0.1 No repository field.
392 info package.json parsejson@0.0.1 No README data
393 info package.json parseqs@0.0.2 No repository field.
394 info package.json parseqs@0.0.2 No README data
395 info package.json parseuri@0.0.2 No repository field.
396 info package.json parseuri@0.0.2 No README data
397 info package.json to-array@0.1.3 No license field.
398 info package.json Base64@0.2.1 No license field.
399 info package.json acorn@0.11.0 No license field.
400 info package.json after@0.8.1 No license field.
401 info package.json ansi-wrap@0.1.0 license should be a valid SPDX license expression
402 info package.json arr-flatten@1.0.1 license should be a valid SPDX license expression
403 info package.json array-slice@0.2.3 license should be a valid SPDX license expression
404 info package.json array-unique@0.2.1 license should be a valid SPDX license expression
405 info package.json arraybuffer.slice@0.0.6 No license field.
406 info package.json asap@2.0.3 license should be a valid SPDX license expression
407 info package.json asn1@0.1.11 No license field.
408 info package.json assert@1.3.0 assert is also the name of a node core module.
409 info package.json assert-plus@0.1.5 No license field.
410 info package.json base62@0.1.1 No license field.
411 info package.json base64-arraybuffer@0.1.2 No license field.
412 info package.json base64id@0.1.0 No license field.
413 info package.json batch@0.5.2 No license field.
414 info package.json benchmark@1.0.0 No license field.
415 info package.json better-assert@1.0.2 No license field.
416 info package.json blob@0.0.4 No license field.
417 info package.json browser-request@0.3.3 No license field.
418 info package.json buffer@3.5.1 buffer is also the name of a node core module.
419 info package.json callsite@1.0.0 No repository field.
420 info package.json callsite@1.0.0 No license field.
421 info package.json component-bind@1.0.0 No license field.
422 info package.json component-emitter@1.1.2 No license field.
423 info package.json component-inherit@0.0.3 No license field.
424 info package.json console-browserify@1.1.0 No license field.
425 info package.json cssstyle@0.2.29 No license field.
426 info package.json ctype@0.5.3 No license field.
427 info package.json date-now@0.1.4 No license field.
428 info package.json deep-is@0.1.3 license should be a valid SPDX license expression
429 info package.json diff@1.4.0 No license field.
430 info package.json domain-browser@1.1.4 license should be a valid SPDX license expression
431 info package.json domelementtype@1.3.0 No license field.
432 info package.json domhandler@2.3.0 No license field.
433 info package.json domutils@1.5.1 No license field.
434 info package.json engine.io@1.5.4 No license field.
435 info package.json engine.io-client@1.5.4 No license field.
436 info package.json engine.io-parser@1.2.2 No license field.
437 info package.json enhanced-resolve@0.9.0 No license field.
438 info package.json entities@1.0.0 license should be a valid SPDX license expression
439 info package.json esprima-fb@13001.1001.0-dev-harmony-fb No license field.
440 info package.json estraverse@1.9.3 No license field.
441 info package.json esutils@2.0.2 No license field.
442 info package.json events@1.1.0 events is also the name of a node core module.
443 info package.json expand-range@1.8.1 license should be a valid SPDX license expression
444 info package.json filename-regex@2.0.0 license should be a valid SPDX license expression
445 info package.json fill-range@2.2.2 license should be a valid SPDX license expression
446 info package.json for-in@0.1.4 license should be a valid SPDX license expression
447 info package.json for-own@0.1.3 license should be a valid SPDX license expression
448 info package.json glob-base@0.3.0 license should be a valid SPDX license expression
449 info package.json growl@1.8.1 No license field.
450 info package.json has-binary@0.1.6 No repository field.
451 info package.json has-binary-data@0.1.3 No repository field.
452 info package.json http-browserify@1.7.0 license should be a valid SPDX license expression
453 info package.json indexof@0.0.1 No repository field.
454 info package.json indexof@0.0.1 No license field.
455 info package.json install@0.1.8 No license field.
456 info package.json is-number@1.1.2 license should be a valid SPDX license expression
457 info package.json is-primitive@2.0.0 license should be a valid SPDX license expression
458 info package.json isobject@1.0.2 license should be a valid SPDX license expression
459 info package.json jsesc@0.5.0 No license field.
460 info package.json json3@3.2.6 No license field.
461 info package.json jstransform@10.1.0 No license field.
462 info package.json kind-of@1.1.0 license should be a valid SPDX license expression
463 info package.json left-pad@0.0.3 license should be a valid SPDX license expression
464 info package.json levn@0.2.5 No license field.
465 info package.json mime@1.3.4 No license field.
466 info package.json ms@0.7.1 No license field.
467 info package.json node-uuid@1.4.3 No license field.
468 info package.json nwmatcher@1.3.6 No license field.
469 info package.json object.omit@1.1.0 license should be a valid SPDX license expression
470 info package.json optimist@0.6.1 license should be a valid SPDX license expression
471 info package.json optionator@0.5.0 No license field.
472 info package.json options@0.0.6 No license field.
473 info package.json pako@0.2.8 license should be a valid SPDX license expression
474 info package.json parse5@1.5.0 No license field.
475 info package.json prelude-ls@1.1.2 No license field.
476 info package.json preserve@0.2.0 license should be a valid SPDX license expression
477 info package.json punycode@1.3.2 punycode is also the name of a node core module.
478 info package.json q@1.1.2 license should be a valid SPDX license expression
479 info package.json querystring@0.2.0 querystring is also the name of a node core module.
480 info package.json querystring@0.2.0 No license field.
481 info package.json querystring-es3@0.2.1 No license field.
482 info package.json randomatic@1.1.0 license should be a valid SPDX license expression
483 info package.json regenerator@0.8.35 license should be a valid SPDX license expression
484 info package.json regex-cache@0.4.2 license should be a valid SPDX license expression
485 info package.json regjsparser@0.1.5 license should be a valid SPDX license expression
486 info package.json repeat-element@1.1.2 license should be a valid SPDX license expression
487 info package.json repeat-string@1.5.2 license should be a valid SPDX license expression
488 info package.json ripemd160@0.2.0 No license field.
489 info package.json sntp@1.0.9 No license field.
490 info package.json socket.io@1.3.7 No license field.
491 info package.json socket.io-adapter@0.3.1 No license field.
492 info package.json source-map@0.1.31 No license field.
493 info package.json source-map-support@0.2.10 No license field.
494 info package.json stream-cache@0.0.2 No license field.
495 info package.json string_decoder@0.10.31 string_decoder is also the name of a node core module.
496 info package.json tapable@0.1.9 No repository field.
497 info package.json tapable@0.1.9 No license field.
498 info package.json timers-browserify@1.4.1 No license field.
499 info package.json tunnel-agent@0.4.1 No license field.
500 info package.json type-check@0.3.1 No license field.
501 info package.json ua-parser-js@0.7.9 No license field.
502 info package.json uglify-js@2.4.24 license should be a valid SPDX license expression
503 info package.json url@0.10.3 url is also the name of a node core module.
504 info package.json util@0.10.3 util is also the name of a node core module.
505 info package.json utils-merge@1.0.0 No license field.
506 info package.json webpack-core@0.6.7 No license field.
507 info package.json webpack-dev-middleware@1.2.0 No license field.
508 info package.json whatwg-fetch@0.9.0 No license field.
509 info package.json window-size@0.1.0 No license field.
510 info package.json xmlhttprequest@1.7.0 No license field.
511 info package.json xtend@4.0.0 No license field.
512 info package.json yargs@1.3.3 license should be a valid SPDX license expression
513 verbose readDependencies loading dependencies from /Users/corey/Sites/practice/voting-server/voting-client/package.json
514 silly cache add args [ 'contextify', null ]
515 verbose cache add spec contextify
516 silly cache add parsed spec { raw: 'contextify',
516 silly cache add   scope: null,
516 silly cache add   name: 'contextify',
516 silly cache add   rawSpec: '',
516 silly cache add   spec: '*',
516 silly cache add   type: 'range' }
517 silly addNamed contextify@*
518 verbose addNamed "*" is a valid semver range for contextify
519 silly addNameRange { name: 'contextify', range: '*', hasData: false }
520 silly mapToRegistry name contextify
521 silly mapToRegistry using default registry
522 silly mapToRegistry registry https://registry.npmjs.org/
523 silly mapToRegistry uri https://registry.npmjs.org/contextify
524 verbose addNameRange registry:https://registry.npmjs.org/contextify not in flight; fetching
525 verbose request uri https://registry.npmjs.org/contextify
526 verbose request no auth needed
527 info attempt registry request try #1 at 9:05:42 PM
528 verbose request id c7594851ab8def69
529 verbose etag "2ESKTMT06BT7BUATG9S2RU6BN"
530 http request GET https://registry.npmjs.org/contextify
531 http 304 https://registry.npmjs.org/contextify
532 silly get cb [ 304,
532 silly get   { date: 'Fri, 09 Oct 2015 01:05:42 GMT',
532 silly get     via: '1.1 varnish',
532 silly get     'cache-control': 'max-age=60',
532 silly get     etag: '"2ESKTMT06BT7BUATG9S2RU6BN"',
532 silly get     age: '21',
532 silly get     connection: 'keep-alive',
532 silly get     'x-served-by': 'cache-atl6234-ATL',
532 silly get     'x-cache': 'HIT',
532 silly get     'x-cache-hits': '1',
532 silly get     'x-timer': 'S1444352742.907769,VS0,VE1',
532 silly get     vary: 'Accept' } ]
533 verbose etag https://registry.npmjs.org/contextify from cache
534 verbose get saving contextify to /Users/corey/.npm/registry.npmjs.org/contextify/.cache.json
535 silly addNameRange number 2 { name: 'contextify', range: '*', hasData: true }
536 silly addNameRange versions [ 'contextify',
536 silly addNameRange   [ '0.0.2',
536 silly addNameRange     '0.0.3',
536 silly addNameRange     '0.0.4',
536 silly addNameRange     '0.0.5',
536 silly addNameRange     '0.0.6',
536 silly addNameRange     '0.0.7',
536 silly addNameRange     '0.1.0',
536 silly addNameRange     '0.1.1',
536 silly addNameRange     '0.1.2',
536 silly addNameRange     '0.1.3',
536 silly addNameRange     '0.1.4',
536 silly addNameRange     '0.1.5',
536 silly addNameRange     '0.1.6',
536 silly addNameRange     '0.1.7',
536 silly addNameRange     '0.1.8',
536 silly addNameRange     '0.1.9',
536 silly addNameRange     '0.1.10',
536 silly addNameRange     '0.1.11',
536 silly addNameRange     '0.1.12',
536 silly addNameRange     '0.1.13',
536 silly addNameRange     '0.1.14' ] ]
537 silly addNamed contextify@0.1.14
538 verbose addNamed "0.1.14" is a plain semver version for contextify
539 silly cache afterAdd contextify@0.1.14
540 verbose afterAdd /Users/corey/.npm/contextify/0.1.14/package/package.json not in flight; writing
541 verbose afterAdd /Users/corey/.npm/contextify/0.1.14/package/package.json written
542 silly install resolved [ { name: 'contextify',
542 silly install resolved     version: '0.1.14',
542 silly install resolved     description: 'Turn an object into a persistent execution context.',
542 silly install resolved     author: { name: 'Brian McDaniel', email: 'brianmcd05@gmail.com' },
542 silly install resolved     contributors:
542 silly install resolved      [ [Object],
542 silly install resolved        [Object],
542 silly install resolved        [Object],
542 silly install resolved        [Object],
542 silly install resolved        [Object],
542 silly install resolved        [Object],
542 silly install resolved        [Object],
542 silly install resolved        [Object],
542 silly install resolved        [Object],
542 silly install resolved        [Object],
542 silly install resolved        [Object],
542 silly install resolved        [Object] ],
542 silly install resolved     keywords: [ 'context', 'vm' ],
542 silly install resolved     repository:
542 silly install resolved      { type: 'git',
542 silly install resolved        url: 'git+https://github.com/brianmcd/contextify.git' },
542 silly install resolved     main: './lib/contextify',
542 silly install resolved     scripts: { test: 'nodeunit test/', install: 'node-gyp rebuild' },
542 silly install resolved     engines: { node: '>=0.4.0' },
542 silly install resolved     licenses: [ [Object] ],
542 silly install resolved     dependencies: { bindings: '*', nan: '~1.8.4' },
542 silly install resolved     devDependencies: { nodeunit: '>=0.5.x' },
542 silly install resolved     gypfile: true,
542 silly install resolved     gitHead: '1ed0631b435f6301986cc0890c36a29d5c55de97',
542 silly install resolved     bugs: { url: 'https://github.com/brianmcd/contextify/issues' },
542 silly install resolved     homepage: 'https://github.com/brianmcd/contextify',
542 silly install resolved     _id: 'contextify@0.1.14',
542 silly install resolved     _shasum: '923667123ba1b96657b9cbd1a8aeb5e8a86ea0da',
542 silly install resolved     _from: 'contextify@*',
542 silly install resolved     _npmVersion: '2.7.4',
542 silly install resolved     _nodeVersion: '0.12.2',
542 silly install resolved     _npmUser: { name: 'brianmcd', email: 'brianmcd05@gmail.com' },
542 silly install resolved     maintainers: [ [Object] ],
542 silly install resolved     dist:
542 silly install resolved      { shasum: '923667123ba1b96657b9cbd1a8aeb5e8a86ea0da',
542 silly install resolved        tarball: 'http://registry.npmjs.org/contextify/-/contextify-0.1.14.tgz' },
542 silly install resolved     directories: {},
542 silly install resolved     _resolved: 'https://registry.npmjs.org/contextify/-/contextify-0.1.14.tgz',
542 silly install resolved     readme: 'ERROR: No README data found!' } ]
543 info install contextify@0.1.14 into /Users/corey/Sites/practice/voting-server/voting-client
544 info installOne contextify@0.1.14
545 verbose installOne of contextify to /Users/corey/Sites/practice/voting-server/voting-client not in flight; installing
546 verbose lock using /Users/corey/.npm/_locks/contextify-6c849a27f3e31588.lock for /Users/corey/Sites/practice/voting-server/voting-client/node_modules/contextify
547 silly install write writing contextify 0.1.14 to /Users/corey/Sites/practice/voting-server/voting-client/node_modules/contextify
548 verbose unbuild node_modules/contextify
549 silly gentlyRm /Users/corey/Sites/practice/voting-server/voting-client/node_modules/contextify is being purged from base /Users/corey/Sites/practice/voting-server/voting-client
550 verbose gentlyRm don't care about contents; nuking /Users/corey/Sites/practice/voting-server/voting-client/node_modules/contextify
551 verbose tar unpack /Users/corey/.npm/contextify/0.1.14/package.tgz
552 verbose tar unpacking to /Users/corey/Sites/practice/voting-server/voting-client/node_modules/contextify
553 silly gentlyRm /Users/corey/Sites/practice/voting-server/voting-client/node_modules/contextify is being purged
554 verbose gentlyRm don't care about contents; nuking /Users/corey/Sites/practice/voting-server/voting-client/node_modules/contextify
555 silly gunzTarPerm modes [ '755', '644' ]
556 silly gunzTarPerm extractEntry package.json
557 silly gunzTarPerm extractEntry .npmignore
558 silly gunzTarPerm extractEntry README.md
559 silly gunzTarPerm extractEntry changelog
560 silly gunzTarPerm extractEntry binding.gyp
561 silly gunzTarPerm extractEntry lib/contextify.js
562 silly gunzTarPerm extractEntry test/contextify.js
563 silly gunzTarPerm extractEntry LICENSE.txt
564 silly gunzTarPerm extractEntry src/contextify.cc
565 silly gunzTarPerm extractEntry wscript
566 verbose write writing to /Users/corey/Sites/practice/voting-server/voting-client/node_modules/contextify/package.json
567 info preinstall contextify@0.1.14
568 verbose readDependencies loading dependencies from /Users/corey/Sites/practice/voting-server/voting-client/node_modules/contextify/package.json
569 silly prepareForInstallMany adding bindings@* from contextify dependencies
570 silly prepareForInstallMany adding nan@~1.8.4 from contextify dependencies
571 verbose readDependencies loading dependencies from /Users/corey/Sites/practice/voting-server/voting-client/node_modules/contextify/package.json
572 silly cache add args [ 'bindings@*', null ]
573 verbose cache add spec bindings@*
574 silly cache add args [ 'nan@~1.8.4', null ]
575 verbose cache add spec nan@~1.8.4
576 silly cache add parsed spec { raw: 'bindings@*',
576 silly cache add   scope: null,
576 silly cache add   name: 'bindings',
576 silly cache add   rawSpec: '*',
576 silly cache add   spec: '*',
576 silly cache add   type: 'range' }
577 silly addNamed bindings@*
578 verbose addNamed "*" is a valid semver range for bindings
579 silly addNameRange { name: 'bindings', range: '*', hasData: false }
580 silly mapToRegistry name bindings
581 silly mapToRegistry using default registry
582 silly mapToRegistry registry https://registry.npmjs.org/
583 silly mapToRegistry uri https://registry.npmjs.org/bindings
584 verbose addNameRange registry:https://registry.npmjs.org/bindings not in flight; fetching
585 silly cache add parsed spec { raw: 'nan@~1.8.4',
585 silly cache add   scope: null,
585 silly cache add   name: 'nan',
585 silly cache add   rawSpec: '~1.8.4',
585 silly cache add   spec: '>=1.8.4 <1.9.0',
585 silly cache add   type: 'range' }
586 silly addNamed nan@>=1.8.4 <1.9.0
587 verbose addNamed ">=1.8.4 <1.9.0" is a valid semver range for nan
588 silly addNameRange { name: 'nan', range: '>=1.8.4 <1.9.0', hasData: false }
589 silly mapToRegistry name nan
590 silly mapToRegistry using default registry
591 silly mapToRegistry registry https://registry.npmjs.org/
592 silly mapToRegistry uri https://registry.npmjs.org/nan
593 verbose addNameRange registry:https://registry.npmjs.org/nan not in flight; fetching
594 verbose request uri https://registry.npmjs.org/bindings
595 verbose request no auth needed
596 info attempt registry request try #1 at 9:05:43 PM
597 verbose etag "547Q3C60W4DUGPOZ65YOO6930"
598 http request GET https://registry.npmjs.org/bindings
599 verbose request uri https://registry.npmjs.org/nan
600 verbose request no auth needed
601 info attempt registry request try #1 at 9:05:43 PM
602 verbose etag "EEJEYBDBWDA07LWTXUI68JUWL"
603 http request GET https://registry.npmjs.org/nan
604 http 304 https://registry.npmjs.org/nan
605 silly get cb [ 304,
605 silly get   { date: 'Fri, 09 Oct 2015 01:05:43 GMT',
605 silly get     via: '1.1 varnish',
605 silly get     'cache-control': 'max-age=60',
605 silly get     etag: '"EEJEYBDBWDA07LWTXUI68JUWL"',
605 silly get     age: '52',
605 silly get     connection: 'keep-alive',
605 silly get     'x-served-by': 'cache-atl6227-ATL',
605 silly get     'x-cache': 'HIT',
605 silly get     'x-cache-hits': '3',
605 silly get     'x-timer': 'S1444352743.468414,VS0,VE0',
605 silly get     vary: 'Accept' } ]
606 verbose etag https://registry.npmjs.org/nan from cache
607 verbose get saving nan to /Users/corey/.npm/registry.npmjs.org/nan/.cache.json
608 silly addNameRange number 2 { name: 'nan', range: '>=1.8.4 <1.9.0', hasData: true }
609 silly addNameRange versions [ 'nan',
609 silly addNameRange   [ '0.3.0-wip',
609 silly addNameRange     '0.3.0-wip2',
609 silly addNameRange     '0.3.0',
609 silly addNameRange     '0.3.1',
609 silly addNameRange     '0.3.2',
609 silly addNameRange     '0.4.0',
609 silly addNameRange     '0.4.1',
609 silly addNameRange     '0.4.2',
609 silly addNameRange     '0.4.3',
609 silly addNameRange     '0.4.4',
609 silly addNameRange     '0.5.0',
609 silly addNameRange     '0.5.1',
609 silly addNameRange     '0.5.2',
609 silly addNameRange     '0.6.0',
609 silly addNameRange     '0.7.0',
609 silly addNameRange     '0.7.1',
609 silly addNameRange     '0.8.0',
609 silly addNameRange     '1.0.0',
609 silly addNameRange     '1.1.0',
609 silly addNameRange     '1.1.1',
609 silly addNameRange     '1.1.2',
609 silly addNameRange     '1.2.0',
609 silly addNameRange     '1.3.0',
609 silly addNameRange     '1.4.0',
609 silly addNameRange     '1.4.1',
609 silly addNameRange     '1.5.0',
609 silly addNameRange     '1.4.2',
609 silly addNameRange     '1.4.3',
609 silly addNameRange     '1.5.1',
609 silly addNameRange     '1.5.2',
609 silly addNameRange     '1.6.0',
609 silly addNameRange     '1.5.3',
609 silly addNameRange     '1.6.1',
609 silly addNameRange     '1.6.2',
609 silly addNameRange     '1.7.0',
609 silly addNameRange     '1.8.0',
609 silly addNameRange     '1.8.1',
609 silly addNameRange     '1.8.2',
609 silly addNameRange     '1.8.3',
609 silly addNameRange     '1.8.4',
609 silly addNameRange     '1.9.0',
609 silly addNameRange     '2.0.0',
609 silly addNameRange     '2.0.1',
609 silly addNameRange     '2.0.2',
609 silly addNameRange     '2.0.3',
609 silly addNameRange     '2.0.4',
609 silly addNameRange     '2.0.5',
609 silly addNameRange     '2.0.6',
609 silly addNameRange     '2.0.7',
609 silly addNameRange     '2.0.8',
609 silly addNameRange     '2.0.9',
609 silly addNameRange     '2.1.0' ] ]
610 silly addNamed nan@1.8.4
611 verbose addNamed "1.8.4" is a plain semver version for nan
612 silly cache afterAdd nan@1.8.4
613 verbose afterAdd /Users/corey/.npm/nan/1.8.4/package/package.json not in flight; writing
614 verbose afterAdd /Users/corey/.npm/nan/1.8.4/package/package.json written
615 http 304 https://registry.npmjs.org/bindings
616 silly get cb [ 304,
616 silly get   { date: 'Fri, 09 Oct 2015 01:05:43 GMT',
616 silly get     via: '1.1 varnish',
616 silly get     'cache-control': 'max-age=60',
616 silly get     etag: '"547Q3C60W4DUGPOZ65YOO6930"',
616 silly get     age: '3',
616 silly get     connection: 'keep-alive',
616 silly get     'x-served-by': 'cache-atl6228-ATL',
616 silly get     'x-cache': 'HIT',
616 silly get     'x-cache-hits': '1',
616 silly get     'x-timer': 'S1444352743.471199,VS0,VE2',
616 silly get     vary: 'Accept' } ]
617 verbose etag https://registry.npmjs.org/bindings from cache
618 verbose get saving bindings to /Users/corey/.npm/registry.npmjs.org/bindings/.cache.json
619 silly addNameRange number 2 { name: 'bindings', range: '*', hasData: true }
620 silly addNameRange versions [ 'bindings',
620 silly addNameRange   [ '0.0.1',
620 silly addNameRange     '0.1.0',
620 silly addNameRange     '0.1.1',
620 silly addNameRange     '0.2.0',
620 silly addNameRange     '0.2.1',
620 silly addNameRange     '0.2.2',
620 silly addNameRange     '0.2.3',
620 silly addNameRange     '0.2.4',
620 silly addNameRange     '0.3.0',
620 silly addNameRange     '0.4.0',
620 silly addNameRange     '1.0.0',
620 silly addNameRange     '1.1.0',
620 silly addNameRange     '1.1.1',
620 silly addNameRange     '1.2.0',
620 silly addNameRange     '1.2.1' ] ]
621 silly addNamed bindings@1.2.1
622 verbose addNamed "1.2.1" is a plain semver version for bindings
623 silly cache afterAdd bindings@1.2.1
624 verbose afterAdd /Users/corey/.npm/bindings/1.2.1/package/package.json not in flight; writing
625 verbose afterAdd /Users/corey/.npm/bindings/1.2.1/package/package.json written
626 silly install resolved [ { name: 'nan',
626 silly install resolved     version: '1.8.4',
626 silly install resolved     description: 'Native Abstractions for Node.js: C++ header for Node 0.8->0.12 compatibility',
626 silly install resolved     main: 'include_dirs.js',
626 silly install resolved     repository: { type: 'git', url: 'git://github.com/iojs/nan.git' },
626 silly install resolved     scripts:
626 silly install resolved      { test: 'tap --gc test/js/*-test.js',
626 silly install resolved        'rebuild-tests': 'pangyp rebuild --directory test' },
626 silly install resolved     contributors:
626 silly install resolved      [ [Object],
626 silly install resolved        [Object],
626 silly install resolved        [Object],
626 silly install resolved        [Object],
626 silly install resolved        [Object],
626 silly install resolved        [Object],
626 silly install resolved        [Object] ],
626 silly install resolved     devDependencies:
626 silly install resolved      { bindings: '~1.2.1',
626 silly install resolved        'node-gyp': '~1.0.2',
626 silly install resolved        pangyp: '~2.0.1',
626 silly install resolved        tap: '~0.7.1',
626 silly install resolved        xtend: '~4.0.0' },
626 silly install resolved     license: 'MIT',
626 silly install resolved     gitHead: 'ed3bbf4ced0cf7937b4e4164766797f71aa97f3d',
626 silly install resolved     bugs: { url: 'https://github.com/iojs/nan/issues' },
626 silly install resolved     homepage: 'https://github.com/iojs/nan#readme',
626 silly install resolved     _id: 'nan@1.8.4',
626 silly install resolved     _shasum: '3c76b5382eab33e44b758d2813ca9d92e9342f34',
626 silly install resolved     _from: 'nan@>=1.8.4 <1.9.0',
626 silly install resolved     _npmVersion: '2.8.3',
626 silly install resolved     _nodeVersion: '0.12.2',
626 silly install resolved     _npmUser: { name: 'kkoopa', email: 'bbyholm@abo.fi' },
626 silly install resolved     maintainers: [ [Object], [Object] ],
626 silly install resolved     dist:
626 silly install resolved      { shasum: '3c76b5382eab33e44b758d2813ca9d92e9342f34',
626 silly install resolved        tarball: 'http://registry.npmjs.org/nan/-/nan-1.8.4.tgz' },
626 silly install resolved     directories: {},
626 silly install resolved     _resolved: 'https://registry.npmjs.org/nan/-/nan-1.8.4.tgz',
626 silly install resolved     readme: 'ERROR: No README data found!' },
626 silly install resolved   { name: 'bindings',
626 silly install resolved     description: 'Helper module for loading your native module\'s .node file',
626 silly install resolved     keywords: [ 'native', 'addon', 'bindings', 'gyp', 'waf', 'c', 'c++' ],
626 silly install resolved     version: '1.2.1',
626 silly install resolved     author:
626 silly install resolved      { name: 'Nathan Rajlich',
626 silly install resolved        email: 'nathan@tootallnate.net',
626 silly install resolved        url: 'http://tootallnate.net' },
626 silly install resolved     repository:
626 silly install resolved      { type: 'git',
626 silly install resolved        url: 'git://github.com/TooTallNate/node-bindings.git' },
626 silly install resolved     main: './bindings.js',
626 silly install resolved     bugs: { url: 'https://github.com/TooTallNate/node-bindings/issues' },
626 silly install resolved     homepage: 'https://github.com/TooTallNate/node-bindings',
626 silly install resolved     license: 'MIT',
626 silly install resolved     gitHead: 'e404152ee27f8478ccbc7122ee051246e8e5ec02',
626 silly install resolved     _id: 'bindings@1.2.1',
626 silly install resolved     scripts: {},
626 silly install resolved     _shasum: '14ad6113812d2d37d72e67b4cacb4bb726505f11',
626 silly install resolved     _from: 'bindings@*',
626 silly install resolved     _npmVersion: '1.4.14',
626 silly install resolved     _npmUser: { name: 'tootallnate', email: 'nathan@tootallnate.net' },
626 silly install resolved     maintainers: [ [Object], [Object] ],
626 silly install resolved     dist:
626 silly install resolved      { shasum: '14ad6113812d2d37d72e67b4cacb4bb726505f11',
626 silly install resolved        tarball: 'http://registry.npmjs.org/bindings/-/bindings-1.2.1.tgz' },
626 silly install resolved     directories: {},
626 silly install resolved     _resolved: 'https://registry.npmjs.org/bindings/-/bindings-1.2.1.tgz',
626 silly install resolved     readme: 'ERROR: No README data found!' } ]
627 info install nan@1.8.4 into /Users/corey/Sites/practice/voting-server/voting-client/node_modules/contextify
628 info install bindings@1.2.1 into /Users/corey/Sites/practice/voting-server/voting-client/node_modules/contextify
629 info installOne nan@1.8.4
630 verbose installOne of nan to /Users/corey/Sites/practice/voting-server/voting-client/node_modules/contextify not in flight; installing
631 info installOne bindings@1.2.1
632 verbose installOne of bindings to /Users/corey/Sites/practice/voting-server/voting-client/node_modules/contextify not in flight; installing
633 verbose lock using /Users/corey/.npm/_locks/nan-4e06450d0e2d3508.lock for /Users/corey/Sites/practice/voting-server/voting-client/node_modules/contextify/node_modules/nan
634 verbose lock using /Users/corey/.npm/_locks/bindings-e892e96315e2fbf9.lock for /Users/corey/Sites/practice/voting-server/voting-client/node_modules/contextify/node_modules/bindings
635 silly install write writing nan 1.8.4 to /Users/corey/Sites/practice/voting-server/voting-client/node_modules/contextify/node_modules/nan
636 silly install write writing bindings 1.2.1 to /Users/corey/Sites/practice/voting-server/voting-client/node_modules/contextify/node_modules/bindings
637 verbose unbuild node_modules/contextify/node_modules/nan
638 verbose unbuild node_modules/contextify/node_modules/bindings
639 silly gentlyRm /Users/corey/Sites/practice/voting-server/voting-client/node_modules/contextify/node_modules/nan is being purged from base /Users/corey/Sites/practice/voting-server/voting-client
640 verbose gentlyRm don't care about contents; nuking /Users/corey/Sites/practice/voting-server/voting-client/node_modules/contextify/node_modules/nan
641 silly gentlyRm /Users/corey/Sites/practice/voting-server/voting-client/node_modules/contextify/node_modules/bindings is being purged from base /Users/corey/Sites/practice/voting-server/voting-client
642 verbose gentlyRm don't care about contents; nuking /Users/corey/Sites/practice/voting-server/voting-client/node_modules/contextify/node_modules/bindings
643 verbose tar unpack /Users/corey/.npm/nan/1.8.4/package.tgz
644 verbose tar unpacking to /Users/corey/Sites/practice/voting-server/voting-client/node_modules/contextify/node_modules/nan
645 silly gentlyRm /Users/corey/Sites/practice/voting-server/voting-client/node_modules/contextify/node_modules/nan is being purged
646 verbose gentlyRm don't care about contents; nuking /Users/corey/Sites/practice/voting-server/voting-client/node_modules/contextify/node_modules/nan
647 verbose tar unpack /Users/corey/.npm/bindings/1.2.1/package.tgz
648 verbose tar unpacking to /Users/corey/Sites/practice/voting-server/voting-client/node_modules/contextify/node_modules/bindings
649 silly gentlyRm /Users/corey/Sites/practice/voting-server/voting-client/node_modules/contextify/node_modules/bindings is being purged
650 verbose gentlyRm don't care about contents; nuking /Users/corey/Sites/practice/voting-server/voting-client/node_modules/contextify/node_modules/bindings
651 silly gunzTarPerm modes [ '755', '644' ]
652 silly gunzTarPerm modes [ '755', '644' ]
653 silly gunzTarPerm extractEntry package.json
654 silly gunzTarPerm modified mode [ 'package.json', 436, 420 ]
655 silly gunzTarPerm extractEntry package.json
656 silly gunzTarPerm extractEntry README.md
657 silly gunzTarPerm modified mode [ 'README.md', 436, 420 ]
658 silly gunzTarPerm extractEntry include_dirs.js
659 silly gunzTarPerm modified mode [ 'include_dirs.js', 436, 420 ]
660 silly gunzTarPerm extractEntry README.md
661 silly gunzTarPerm extractEntry bindings.js
662 silly gunzTarPerm extractEntry LICENSE.md
663 silly gunzTarPerm modified mode [ 'LICENSE.md', 436, 420 ]
664 silly gunzTarPerm extractEntry .dntrc
665 silly gunzTarPerm modified mode [ '.dntrc', 436, 420 ]
666 silly gunzTarPerm extractEntry appveyor.yml
667 silly gunzTarPerm modified mode [ 'appveyor.yml', 436, 420 ]
668 silly gunzTarPerm extractEntry nan.h
669 silly gunzTarPerm modified mode [ 'nan.h', 436, 420 ]
670 verbose write writing to /Users/corey/Sites/practice/voting-server/voting-client/node_modules/contextify/node_modules/bindings/package.json
671 info preinstall bindings@1.2.1
672 verbose readDependencies loading dependencies from /Users/corey/Sites/practice/voting-server/voting-client/node_modules/contextify/node_modules/bindings/package.json
673 verbose readDependencies loading dependencies from /Users/corey/Sites/practice/voting-server/voting-client/node_modules/contextify/node_modules/bindings/package.json
674 silly install resolved []
675 verbose about to build /Users/corey/Sites/practice/voting-server/voting-client/node_modules/contextify/node_modules/bindings
676 info build /Users/corey/Sites/practice/voting-server/voting-client/node_modules/contextify/node_modules/bindings
677 info linkStuff bindings@1.2.1
678 silly linkStuff bindings@1.2.1 has /Users/corey/Sites/practice/voting-server/voting-client/node_modules/contextify/node_modules as its parent node_modules
679 verbose linkBins bindings@1.2.1
680 verbose linkMans bindings@1.2.1
681 verbose rebuildBundles bindings@1.2.1
682 info install bindings@1.2.1
683 info postinstall bindings@1.2.1
684 verbose unlock done using /Users/corey/.npm/_locks/bindings-e892e96315e2fbf9.lock for /Users/corey/Sites/practice/voting-server/voting-client/node_modules/contextify/node_modules/bindings
685 silly gunzTarPerm extractEntry nan_implementation_12_inl.h
686 silly gunzTarPerm modified mode [ 'nan_implementation_12_inl.h', 436, 420 ]
687 silly gunzTarPerm extractEntry nan_implementation_pre_12_inl.h
688 silly gunzTarPerm modified mode [ 'nan_implementation_pre_12_inl.h', 436, 420 ]
689 silly gunzTarPerm extractEntry nan_new.h
690 silly gunzTarPerm modified mode [ 'nan_new.h', 436, 420 ]
691 silly gunzTarPerm extractEntry nan_string_bytes.h
692 silly gunzTarPerm modified mode [ 'nan_string_bytes.h', 436, 420 ]
693 silly gunzTarPerm extractEntry CHANGELOG.md
694 silly gunzTarPerm modified mode [ 'CHANGELOG.md', 436, 420 ]
695 verbose write writing to /Users/corey/Sites/practice/voting-server/voting-client/node_modules/contextify/node_modules/nan/package.json
696 info preinstall nan@1.8.4
697 verbose readDependencies loading dependencies from /Users/corey/Sites/practice/voting-server/voting-client/node_modules/contextify/node_modules/nan/package.json
698 verbose readDependencies loading dependencies from /Users/corey/Sites/practice/voting-server/voting-client/node_modules/contextify/node_modules/nan/package.json
699 silly install resolved []
700 verbose about to build /Users/corey/Sites/practice/voting-server/voting-client/node_modules/contextify/node_modules/nan
701 info build /Users/corey/Sites/practice/voting-server/voting-client/node_modules/contextify/node_modules/nan
702 info linkStuff nan@1.8.4
703 silly linkStuff nan@1.8.4 has /Users/corey/Sites/practice/voting-server/voting-client/node_modules/contextify/node_modules as its parent node_modules
704 verbose linkBins nan@1.8.4
705 verbose linkMans nan@1.8.4
706 verbose rebuildBundles nan@1.8.4
707 info install nan@1.8.4
708 info postinstall nan@1.8.4
709 verbose unlock done using /Users/corey/.npm/_locks/nan-4e06450d0e2d3508.lock for /Users/corey/Sites/practice/voting-server/voting-client/node_modules/contextify/node_modules/nan
710 verbose about to build /Users/corey/Sites/practice/voting-server/voting-client/node_modules/contextify
711 info build /Users/corey/Sites/practice/voting-server/voting-client/node_modules/contextify
712 info linkStuff contextify@0.1.14
713 silly linkStuff contextify@0.1.14 has /Users/corey/Sites/practice/voting-server/voting-client/node_modules as its parent node_modules
714 verbose linkBins contextify@0.1.14
715 verbose linkMans contextify@0.1.14
716 verbose rebuildBundles contextify@0.1.14
717 verbose rebuildBundles [ 'bindings', 'nan' ]
718 info install contextify@0.1.14
719 verbose unsafe-perm in lifecycle true
720 info contextify@0.1.14 Failed to exec install script
721 verbose unlock done using /Users/corey/.npm/_locks/contextify-6c849a27f3e31588.lock for /Users/corey/Sites/practice/voting-server/voting-client/node_modules/contextify
722 verbose stack Error: contextify@0.1.14 install: `node-gyp rebuild`
722 verbose stack Exit status 1
722 verbose stack     at EventEmitter.<anonymous> (/usr/local/lib/node_modules/npm/lib/utils/lifecycle.js:213:16)
722 verbose stack     at EventEmitter.emit (events.js:110:17)
722 verbose stack     at ChildProcess.<anonymous> (/usr/local/lib/node_modules/npm/lib/utils/spawn.js:24:14)
722 verbose stack     at ChildProcess.emit (events.js:110:17)
722 verbose stack     at maybeClose (child_process.js:1015:16)
722 verbose stack     at Process.ChildProcess._handle.onexit (child_process.js:1087:5)
723 verbose pkgid contextify@0.1.14
724 verbose cwd /Users/corey/Sites/practice/voting-server/voting-client
725 error Darwin 14.5.0
726 error argv "/usr/local/bin/node" "/usr/local/bin/npm" "i" "contextify"
727 error node v0.12.7
728 error npm  v2.11.3
729 error code ELIFECYCLE
730 error contextify@0.1.14 install: `node-gyp rebuild`
730 error Exit status 1
731 error Failed at the contextify@0.1.14 install script 'node-gyp rebuild'.
731 error This is most likely a problem with the contextify package,
731 error not with npm itself.
731 error Tell the author that this fails on your system:
731 error     node-gyp rebuild
731 error You can get their info via:
731 error     npm owner ls contextify
731 error There is likely additional logging output above.
732 verbose exit [ 1, true ]
733 verbose unbuild node_modules/contextify
734 info preuninstall contextify@0.1.14
735 info uninstall contextify@0.1.14
736 verbose unbuild rmStuff contextify@0.1.14 from /Users/corey/Sites/practice/voting-server/voting-client/node_modules
737 info postuninstall contextify@0.1.14
738 silly gentlyRm /Users/corey/Sites/practice/voting-server/voting-client/node_modules/contextify is being purged from base /Users/corey/Sites/practice/voting-server/voting-client
739 verbose gentlyRm don't care about contents; nuking /Users/corey/Sites/practice/voting-server/voting-client/node_modules/contextify
740 silly vacuum-fs purging /Users/corey/Sites/practice/voting-server/voting-client/node_modules/contextify
741 silly vacuum-fs quitting because other entries in /Users/corey/Sites/practice/voting-server/voting-client/node_modules
